0:0:0:0:0:0:0:1 - - [22/Jun/2022:10:59:45 -0500] "GET / HTTP/1.1" 404 275
0:0:0:0:0:0:0:1 - - [22/Jun/2022:10:59:45 -0500] "GET /favicon.ico HTTP/1.1" 404 111
0:0:0:0:0:0:0:1 - - [22/Jun/2022:10:59:51 -0500] "GET /spring-ui HTTP/1.1" 404 275
0:0:0:0:0:0:0:1 - - [22/Jun/2022:11:00:23 -0500] "GET /swagger-ui/index.html HTTP/1.1" 200 734
0:0:0:0:0:0:0:1 - - [22/Jun/2022:11:00:23 -0500] "GET /swagger-ui/index.css HTTP/1.1" 200 202
0:0:0:0:0:0:0:1 - - [22/Jun/2022:11:00:23 -0500] "GET /swagger-ui/swagger-ui.css HTTP/1.1" 200 143980
0:0:0:0:0:0:0:1 - - [22/Jun/2022:11:00:23 -0500] "GET /swagger-ui/swagger-ui-standalone-preset.js HTTP/1.1" 200 339540
0:0:0:0:0:0:0:1 - - [22/Jun/2022:11:00:23 -0500] "GET /swagger-ui/swagger-initializer.js HTTP/1.1" 200 612
0:0:0:0:0:0:0:1 - - [22/Jun/2022:11:00:23 -0500] "GET /swagger-ui/swagger-ui-bundle.js HTTP/1.1" 200 1096221
0:0:0:0:0:0:0:1 - - [22/Jun/2022:11:00:23 -0500] "GET /swagger-ui/favicon-32x32.png HTTP/1.1" 200 628
0:0:0:0:0:0:0:1 - - [22/Jun/2022:11:00:23 -0500] "GET /v3/api-docs/swagger-config HTTP/1.1" 200 169
0:0:0:0:0:0:0:1 - - [22/Jun/2022:11:00:23 -0500] "GET /v3/api-docs HTTP/1.1" 200 1041
0:0:0:0:0:0:0:1 - - [22/Jun/2022:11:06:59 -0500] "GET /swagger-ui/index.html HTTP/1.1" 304 -
0:0:0:0:0:0:0:1 - - [22/Jun/2022:11:06:59 -0500] "GET /swagger-ui/swagger-ui.css HTTP/1.1" 304 -
0:0:0:0:0:0:0:1 - - [22/Jun/2022:11:06:59 -0500] "GET /swagger-ui/swagger-ui-bundle.js HTTP/1.1" 304 -
0:0:0:0:0:0:0:1 - - [22/Jun/2022:11:06:59 -0500] "GET /swagger-ui/index.css HTTP/1.1" 304 -
0:0:0:0:0:0:0:1 - - [22/Jun/2022:11:06:59 -0500] "GET /swagger-ui/swagger-ui-standalone-preset.js HTTP/1.1" 304 -
0:0:0:0:0:0:0:1 - - [22/Jun/2022:11:06:59 -0500] "GET /swagger-ui/swagger-initializer.js HTTP/1.1" 304 -
0:0:0:0:0:0:0:1 - - [22/Jun/2022:11:06:59 -0500] "GET /swagger-ui/favicon-32x32.png HTTP/1.1" 304 -
0:0:0:0:0:0:0:1 - - [22/Jun/2022:11:06:59 -0500] "GET /v3/api-docs/swagger-config HTTP/1.1" 200 169
0:0:0:0:0:0:0:1 - - [22/Jun/2022:11:06:59 -0500] "GET /v3/api-docs HTTP/1.1" 200 1041
0:0:0:0:0:0:0:1 - - [22/Jun/2022:11:11:43 -0500] "GET /swagger-ui/index.html HTTP/1.1" 304 -
0:0:0:0:0:0:0:1 - - [22/Jun/2022:11:11:43 -0500] "GET /swagger-ui/swagger-ui-standalone-preset.js HTTP/1.1" 304 -
0:0:0:0:0:0:0:1 - - [22/Jun/2022:11:11:43 -0500] "GET /swagger-ui/swagger-ui.css HTTP/1.1" 304 -
0:0:0:0:0:0:0:1 - - [22/Jun/2022:11:11:44 -0500] "GET /swagger-ui/swagger-ui-bundle.js HTTP/1.1" 304 -
0:0:0:0:0:0:0:1 - - [22/Jun/2022:11:11:44 -0500] "GET /swagger-ui/index.css HTTP/1.1" 304 -
0:0:0:0:0:0:0:1 - - [22/Jun/2022:11:11:44 -0500] "GET /swagger-ui/swagger-initializer.js HTTP/1.1" 304 -
0:0:0:0:0:0:0:1 - - [22/Jun/2022:11:11:44 -0500] "GET /swagger-ui/favicon-32x32.png HTTP/1.1" 304 -
0:0:0:0:0:0:0:1 - - [22/Jun/2022:11:11:44 -0500] "GET /v3/api-docs/swagger-config HTTP/1.1" 200 169
0:0:0:0:0:0:0:1 - - [22/Jun/2022:11:11:44 -0500] "GET /v3/api-docs HTTP/1.1" 200 1136
0:0:0:0:0:0:0:1 - - [22/Jun/2022:11:22:41 -0500] "GET /swagger-ui/index.html HTTP/1.1" 304 -
0:0:0:0:0:0:0:1 - - [22/Jun/2022:11:22:41 -0500] "GET /swagger-ui/index.css HTTP/1.1" 304 -
0:0:0:0:0:0:0:1 - - [22/Jun/2022:11:22:41 -0500] "GET /swagger-ui/swagger-ui.css HTTP/1.1" 304 -
0:0:0:0:0:0:0:1 - - [22/Jun/2022:11:22:41 -0500] "GET /swagger-ui/swagger-ui-standalone-preset.js HTTP/1.1" 304 -
0:0:0:0:0:0:0:1 - - [22/Jun/2022:11:22:41 -0500] "GET /swagger-ui/swagger-ui-bundle.js HTTP/1.1" 304 -
0:0:0:0:0:0:0:1 - - [22/Jun/2022:11:22:41 -0500] "GET /swagger-ui/swagger-initializer.js HTTP/1.1" 304 -
0:0:0:0:0:0:0:1 - - [22/Jun/2022:11:22:41 -0500] "GET /swagger-ui/favicon-32x32.png HTTP/1.1" 304 -
0:0:0:0:0:0:0:1 - - [22/Jun/2022:11:22:41 -0500] "GET /v3/api-docs/swagger-config HTTP/1.1" 200 169
0:0:0:0:0:0:0:1 - - [22/Jun/2022:11:22:41 -0500] "GET /v3/api-docs HTTP/1.1" 200 1209
0:0:0:0:0:0:0:1 - - [22/Jun/2022:11:23:06 -0500] "GET /swagger-ui/index.html HTTP/1.1" 304 -
0:0:0:0:0:0:0:1 - - [22/Jun/2022:11:23:06 -0500] "GET /v3/api-docs/swagger-config HTTP/1.1" 200 169
0:0:0:0:0:0:0:1 - - [22/Jun/2022:11:23:06 -0500] "GET /v3/api-docs HTTP/1.1" 200 1209
0:0:0:0:0:0:0:1 - - [22/Jun/2022:11:29:48 -0500] "GET /actuator HTTP/1.1" 200 254
0:0:0:0:0:0:0:1 - - [22/Jun/2022:11:30:35 -0500] "GET /health HTTP/1.1" 404 275
0:0:0:0:0:0:0:1 - - [22/Jun/2022:11:31:21 -0500] "GET /health HTTP/1.1" 405 284
0:0:0:0:0:0:0:1 - - [22/Jun/2022:11:31:22 -0500] "GET /health HTTP/1.1" 405 284
0:0:0:0:0:0:0:1 - - [22/Jun/2022:11:31:23 -0500] "GET /health HTTP/1.1" 405 284
0:0:0:0:0:0:0:1 - - [22/Jun/2022:11:31:23 -0500] "GET /health HTTP/1.1" 405 284
0:0:0:0:0:0:0:1 - - [22/Jun/2022:11:31:27 -0500] "GET /actuator HTTP/1.1" 200 254
0:0:0:0:0:0:0:1 - - [22/Jun/2022:11:31:28 -0500] "GET /actuator HTTP/1.1" 200 254
0:0:0:0:0:0:0:1 - - [22/Jun/2022:11:31:28 -0500] "GET /actuator HTTP/1.1" 200 254
0:0:0:0:0:0:0:1 - - [22/Jun/2022:11:31:33 -0500] "GET /actuator/health HTTP/1.1" 200 25
0:0:0:0:0:0:0:1 - - [22/Jun/2022:11:32:40 -0500] "GET /actuator/ HTTP/1.1" 200 254
0:0:0:0:0:0:0:1 - - [22/Jun/2022:11:33:27 -0500] "GET /actuator/beans HTTP/1.1" 404 275
0:0:0:0:0:0:0:1 - - [22/Jun/2022:11:34:16 -0500] "GET /actuator/beans HTTP/1.1" 200 122936
0:0:0:0:0:0:0:1 - - [22/Jun/2022:11:34:25 -0500] "GET /actuator/endpoints HTTP/1.1" 404 275
0:0:0:0:0:0:0:1 - - [22/Jun/2022:11:34:42 -0500] "GET /actuator/env HTTP/1.1" 200 16388
0:0:0:0:0:0:0:1 - - [22/Jun/2022:11:35:02 -0500] "GET /actuator/metrics HTTP/1.1" 200 1126
0:0:0:0:0:0:0:1 - - [22/Jun/2022:11:35:25 -0500] "GET /actuator/metrics/http.server.requests HTTP/1.1" 200 490
0:0:0:0:0:0:0:1 - - [22/Jun/2022:11:37:14 -0500] "GET /products/13860428 HTTP/1.1" 200 123
0:0:0:0:0:0:0:1 - - [22/Jun/2022:11:37:45 -0500] "GET /products/13860432 HTTP/1.1" 200 123
0:0:0:0:0:0:0:1 - - [22/Jun/2022:11:37:57 -0500] "PUT /products/13860432 HTTP/1.1" 200 123
0:0:0:0:0:0:0:1 - - [22/Jun/2022:11:38:02 -0500] "GET /products/13860432 HTTP/1.1" 200 123
0:0:0:0:0:0:0:1 - - [22/Jun/2022:13:23:14 -0500] "GET /products/13860445 HTTP/1.1" 500 129
0:0:0:0:0:0:0:1 - - [22/Jun/2022:13:23:23 -0500] "GET /products/13860428 HTTP/1.1" 200 116
0:0:0:0:0:0:0:1 - - [22/Jun/2022:15:14:27 -0500] "GET /products/13860428 HTTP/1.1" 200 116
0:0:0:0:0:0:0:1 - - [22/Jun/2022:15:14:33 -0500] "GET /products/138604 HTTP/1.1" 500 127
0:0:0:0:0:0:0:1 - - [22/Jun/2022:15:15:56 -0500] "GET /products/13860445 HTTP/1.1" 500 129
0:0:0:0:0:0:0:1 - - [22/Jun/2022:15:17:47 -0500] "GET /products/13860445 HTTP/1.1" 500 129
0:0:0:0:0:0:0:1 - - [22/Jun/2022:15:40:22 -0500] "GET /products/13860428 HTTP/1.1" 200 116
0:0:0:0:0:0:0:1 - - [22/Jun/2022:15:50:16 -0500] "GET /products/13860428 HTTP/1.1" 500 129
0:0:0:0:0:0:0:1 - - [22/Jun/2022:15:54:40 -0500] "GET /products/13860428 HTTP/1.1" 200 116
0:0:0:0:0:0:0:1 - - [22/Jun/2022:15:55:54 -0500] "GET /products/13860428 HTTP/1.1" 200 116
0:0:0:0:0:0:0:1 - - [22/Jun/2022:16:03:44 -0500] "GET /products/13860428 HTTP/1.1" 200 116
0:0:0:0:0:0:0:1 - - [22/Jun/2022:16:03:55 -0500] "GET /products/138604 HTTP/1.1" 500 127
0:0:0:0:0:0:0:1 - - [22/Jun/2022:18:17:27 -0500] "GET /products/138604 HTTP/1.1" 500 127
0:0:0:0:0:0:0:1 - - [22/Jun/2022:18:19:30 -0500] "GET /products/138604 HTTP/1.1" 500 127
0:0:0:0:0:0:0:1 - - [22/Jun/2022:18:57:58 -0500] "GET /products/138604 HTTP/1.1" 500 127
0:0:0:0:0:0:0:1 - - [22/Jun/2022:18:59:30 -0500] "GET /products/138604 HTTP/1.1" 404 74
0:0:0:0:0:0:0:1 - - [22/Jun/2022:19:29:34 -0500] "GET /products/138604 HTTP/1.1" 404 74
0:0:0:0:0:0:0:1 - - [22/Jun/2022:19:31:45 -0500] "GET /products/138604 HTTP/1.1" 500 127
0:0:0:0:0:0:0:1 - - [22/Jun/2022:19:53:52 -0500] "GET /products/138604 HTTP/1.1" 500 127
0:0:0:0:0:0:0:1 - - [22/Jun/2022:19:56:12 -0500] "GET /products/138604 HTTP/1.1" 404 74
0:0:0:0:0:0:0:1 - - [22/Jun/2022:20:09:23 -0500] "GET /products/138604 HTTP/1.1" 404 74
0:0:0:0:0:0:0:1 - - [22/Jun/2022:20:11:13 -0500] "GET /products/138604 HTTP/1.1" 404 74
0:0:0:0:0:0:0:1 - - [22/Jun/2022:20:20:52 -0500] "GET /products/138604 HTTP/1.1" 404 74
0:0:0:0:0:0:0:1 - - [22/Jun/2022:20:28:11 -0500] "GET /products/138604 HTTP/1.1" 404 74
0:0:0:0:0:0:0:1 - - [22/Jun/2022:20:28:19 -0500] "GET /products/13860428 HTTP/1.1" 404 74
0:0:0:0:0:0:0:1 - - [22/Jun/2022:20:29:28 -0500] "GET /products/13860428 HTTP/1.1" 200 116
0:0:0:0:0:0:0:1 - - [22/Jun/2022:20:37:22 -0500] "GET /products/ HTTP/1.1" 404 109
0:0:0:0:0:0:0:1 - - [22/Jun/2022:20:37:34 -0500] "GET /products/ HTTP/1.1" 404 109
0:0:0:0:0:0:0:1 - - [22/Jun/2022:20:38:41 -0500] "GET /products/asdad HTTP/1.1" 500 78
0:0:0:0:0:0:0:1 - - [22/Jun/2022:20:54:53 -0500] "GET /products/asdad HTTP/1.1" 500 78
0:0:0:0:0:0:0:1 - - [22/Jun/2022:20:55:02 -0500] "GET /products/13860428 HTTP/1.1" 200 116
0:0:0:0:0:0:0:1 - - [22/Jun/2022:21:00:01 -0500] "GET /products/2asdasd HTTP/1.1" 500 78
0:0:0:0:0:0:0:1 - - [22/Jun/2022:22:12:34 -0500] "GET /products/13860428 HTTP/1.1" 200 116
0:0:0:0:0:0:0:1 - - [22/Jun/2022:22:13:29 -0500] "GET /products/13860428 HTTP/1.1" 200 116
0:0:0:0:0:0:0:1 - - [22/Jun/2022:22:14:22 -0500] "GET /products/13860428 HTTP/1.1" 200 116
0:0:0:0:0:0:0:1 - - [22/Jun/2022:22:25:34 -0500] "GET /products/13860428 HTTP/1.1" 200 116
